0 info it worked if it ends with ok
1 verbose cli [ 'node', '/usr/local/bin/npm', 'start' ]
2 info using npm@1.1.36
3 info using node@v0.8.2
4 verbose config file /Users/ppeter/.npmrc
5 verbose config file /usr/local/etc/npmrc
6 verbose config file /usr/local/lib/node_modules/npm/npmrc
7 verbose read json /Users/ppeter/Documents/authom/package.json
8 verbose run-script [ 'prestart', 'start', 'poststart' ]
9 info prestart authom@0.4.2
10 info start authom@0.4.2
11 verbose unsafe-perm in lifecycle true
12 silly exec sh "-c" "sudo node ./example/server.js"
13 silly sh,-c,sudo node ./example/server.js,/Users/ppeter/Documents/authom spawning
14 info authom@0.4.2 Failed to exec start script
15 error authom@0.4.2 start: `sudo node ./example/server.js`
15 error `sh "-c" "sudo node ./example/server.js"` failed with 1
16 error Failed at the authom@0.4.2 start script.
16 error This is most likely a problem with the authom package,
16 error not with npm itself.
16 error Tell the author that this fails on your system:
16 error     sudo node ./example/server.js
16 error You can get their info via:
16 error     npm owner ls authom
16 error There is likely additional logging output above.
17 error System Darwin 11.4.0
18 error command "node" "/usr/local/bin/npm" "start"
19 error cwd /Users/ppeter/Documents/authom
20 error node -v v0.8.2
21 error npm -v 1.1.36
22 error code ELIFECYCLE
23 error message authom@0.4.2 start: `sudo node ./example/server.js`
23 error message `sh "-c" "sudo node ./example/server.js"` failed with 1
24 verbose exit [ 1, true ]
